Determining if the pthread_create exist failed with the following output:
Change Dir: /home/william-rn/ros_ws/src/cwru_skill_kits_experimental/needle_drive_action_server/cmake-build-debug/CMakeFiles/CMakeTmp

Run Build Command:"/usr/bin/make" "cmTC_fe674/fast"
/usr/bin/make -f CMakeFiles/cmTC_fe674.dir/build.make CMakeFiles/cmTC_fe674.dir/build
make[1]: Entering directory `/home/william-rn/ros_ws/src/cwru_skill_kits_experimental/needle_drive_action_server/cmake-build-debug/CMakeFiles/CMakeTmp'
Building C object CMakeFiles/cmTC_fe674.dir/CheckSymbolExists.c.o
/usr/bin/cc     -o CMakeFiles/cmTC_fe674.dir/CheckSymbolExists.c.o   -c /home/william-rn/ros_ws/src/cwru_skill_kits_experimental/needle_drive_action_server/cmake-build-debug/CMakeFiles/CMakeTmp/CheckSymbolExists.c
Linking C executable cmTC_fe674
/home/william-rn/Program_Files/clion-2017.1.3/bin/cmake/bin/cmake -E cmake_link_script CMakeFiles/cmTC_fe674.dir/link.txt --verbose=1
/usr/bin/cc       CMakeFiles/cmTC_fe674.dir/CheckSymbolExists.c.o  -o cmTC_fe674 -rdynamic 
CMakeFiles/cmTC_fe674.dir/CheckSymbolExists.c.o: In function `main':
CheckSymbolExists.c:(.text+0x16): undefined reference to `pthread_create'
collect2: error: ld returned 1 exit status
make[1]: *** [cmTC_fe674] Error 1
make[1]: Leaving directory `/home/william-rn/ros_ws/src/cwru_skill_kits_experimental/needle_drive_action_server/cmake-build-debug/CMakeFiles/CMakeTmp'
make: *** [cmTC_fe674/fast] Error 2

File /home/william-rn/ros_ws/src/cwru_skill_kits_experimental/needle_drive_action_server/cmake-build-debug/CMakeFiles/CMakeTmp/CheckSymbolExists.c:
/* */
#include <pthread.h>

int main(int argc, char** argv)
{
  (void)argv;
#ifndef pthread_create
  return ((int*)(&pthread_create))[argc];
#else
  (void)argc;
  return 0;
#endif
}

Determining if the function pthread_create exists in the pthreads failed with the following output:
Change Dir: /home/william-rn/ros_ws/src/cwru_skill_kits_experimental/needle_drive_action_server/cmake-build-debug/CMakeFiles/CMakeTmp

Run Build Command:"/usr/bin/make" "cmTC_07488/fast"
/usr/bin/make -f CMakeFiles/cmTC_07488.dir/build.make CMakeFiles/cmTC_07488.dir/build
make[1]: Entering directory `/home/william-rn/ros_ws/src/cwru_skill_kits_experimental/needle_drive_action_server/cmake-build-debug/CMakeFiles/CMakeTmp'
Building C object CMakeFiles/cmTC_07488.dir/CheckFunctionExists.c.o
/usr/bin/cc    -DCHECK_FUNCTION_EXISTS=pthread_create   -o CMakeFiles/cmTC_07488.dir/CheckFunctionExists.c.o   -c /home/william-rn/Program_Files/clion-2017.1.3/bin/cmake/share/cmake-3.7/Modules/CheckFunctionExists.c
Linking C executable cmTC_07488
/home/william-rn/Program_Files/clion-2017.1.3/bin/cmake/bin/cmake -E cmake_link_script CMakeFiles/cmTC_07488.dir/link.txt --verbose=1
/usr/bin/cc   -DCHECK_FUNCTION_EXISTS=pthread_create    CMakeFiles/cmTC_07488.dir/CheckFunctionExists.c.o  -o cmTC_07488 -rdynamic -lpthreads 
/usr/bin/ld: cannot find -lpthreads
collect2: error: ld returned 1 exit status
make[1]: *** [cmTC_07488] Error 1
make[1]: Leaving directory `/home/william-rn/ros_ws/src/cwru_skill_kits_experimental/needle_drive_action_server/cmake-build-debug/CMakeFiles/CMakeTmp'
make: *** [cmTC_07488/fast] Error 2


